<?xml version="1.0" encoding="UTF-8"?>
<testsuite xmlns:xsi="http://www.w3.org/2001/XMLSchema-instance" xsi:noNamespaceSchemaLocation="https://maven.apache.org/surefire/maven-surefire-plugin/xsd/surefire-test-report.xsd" name="com.mizeress.AppTest" time="2.312" tests="5" errors="0" skipped="0" failures="0">
  <properties>
[...]
</properties>
  <testcase name="ImageSourceResolve" classname="com.mizeress.AppTest" time="0.017"/>
  <testcase name="configReadWrite" classname="com.mizeress.AppTest" time="0"/>
  <testcase name="changeBackgroundWindows" classname="com.mizeress.AppTest" time="1.065"/>
  <testcase name="getImageFromDirectory" classname="com.mizeress.AppTest" time="0.053"/>
  <testcase name="getImageFromAPI" classname="com.mizeress.AppTest" time="1.14"/>
</testsuite>