<?xml version="1.0" encoding="UTF-8"?>
<testsuite xmlns:xsi="http://www.w3.org/2001/XMLSchema-instance" xsi:noNamespaceSchemaLocation="https://maven.apache.org/surefire/maven-surefire-plugin/xsd/surefire-test-report.xsd" name="com.mizeress.ConfigConcurrencyTest" time="0.494" tests="2" errors="0" skipped="0" failures="0">
  <properties>
[...]
</properties>
  <testcase name="concurrentReadsAndAsyncWrites_doNotCorruptFile{Path}" classname="com.mizeress.ConfigConcurrencyTest" time="0.464"/>
  <testcase name="multipleAsyncSaves_thenJoin_resultsInValidFile{Path}" classname="com.mizeress.ConfigConcurrencyTest" time="0.012"/>
</testsuite>